Information: Updating design information... (UID-85)
Warning: Design 'dp_ram_logic' contains 1 high-fanout nets. A fanout number of 1000 will be used for delay calculations involving these nets. (TIM-134)
 
****************************************
Report : timing
        -path full
        -delay max
        -max_paths 2
Design : dp_ram_logic
Version: O-2018.06-SP4
Date   : Tue Jun 16 01:35:11 2020
****************************************

 # A fanout number of 1000 was used for high fanout net computations.

Operating Conditions: typical   Library: NanGate_15nm_OCL
Wire Load Model Mode: top

  Startpoint: opcode_mem_b_i[1]
              (input port)
  Endpoint: rvalid_b_o (output port)
  Path Group: default
  Path Type: max

  Point                                    Incr       Path
  -----------------------------------------------------------
  input external delay                     0.00       0.00 r
  opcode_mem_b_i[1] (in)                   0.00       0.00 r
  U102321/ZN (INV_X16)                     0.61       0.61 f
  U102320/ZN (NAND3_X2)                    1.27       1.88 r
  U102322/ZN (NAND4_X1)                    4.49       6.37 f
  U102323/ZN (NAND2_X1)                    2.65       9.01 r
  rvalid_b_o (out)                         0.00       9.01 r
  data arrival time                                   9.01

  max_delay                                5.00       5.00
  output external delay                    0.00       5.00
  data required time                                  5.00
  -----------------------------------------------------------
  data required time                                  5.00
  data arrival time                                  -9.01
  -----------------------------------------------------------
  slack (VIOLATED)                                   -4.01


1
